<?xml version="1.0" encoding="UTF-8"?>
<testng-results ignored="0" total="1" passed="1" failed="0" skipped="0">
  <reporter-output>
  </reporter-output>
  <suite started-at="2025-06-03T09:10:17 IST" name="Default suite" finished-at="2025-06-03T09:10:17 IST" duration-ms="154">
    <groups>
    </groups>
    <test started-at="2025-06-03T09:10:17 IST" name="Default test" finished-at="2025-06-03T09:10:17 IST" duration-ms="154">
      <class name="seleniumBasics.TestNGAnnotation">
        <test-method is-config="true" signature="beforesuite()[pri:0, instance:seleniumBasics.TestNGAnnotation@206a70ef]" started-at="2025-06-03T09:10:17 IST" name="beforesuite" finished-at="2025-06-03T09:10:17 IST" duration-ms="18" status="PASS">
          <reporter-output>
          </reporter-output>
        </test-method> <!-- beforesuite -->
        <test-method is-config="true" signature="beforeText()[pri:0, instance:seleniumBasics.TestNGAnnotation@206a70ef]" started-at="2025-06-03T09:10:17 IST" name="beforeText" finished-at="2025-06-03T09:10:17 IST" duration-ms="1" status="PASS">
          <reporter-output>
          </reporter-output>
        </test-method> <!-- beforeText -->
        <test-method is-config="true" signature="beforeclass()[pri:0, instance:seleniumBasics.TestNGAnnotation@206a70ef]" started-at="2025-06-03T09:10:17 IST" name="beforeclass" finished-at="2025-06-03T09:10:17 IST" duration-ms="1" status="PASS">
          <reporter-output>
          </reporter-output>
        </test-method> <!-- beforeclass -->
        <test-method is-config="true" signature="beforemethod()[pri:0, instance:seleniumBasics.TestNGAnnotation@206a70ef]" started-at="2025-06-03T09:10:17 IST" name="beforemethod" finished-at="2025-06-03T09:10:17 IST" duration-ms="1" status="PASS">
          <reporter-output>
          </reporter-output>
        </test-method> <!-- beforemethod -->
        <test-method signature="testcase()[pri:0, instance:seleniumBasics.TestNGAnnotation@206a70ef]" started-at="2025-06-03T09:10:17 IST" name="testcase" finished-at="2025-06-03T09:10:17 IST" duration-ms="37" status="PASS">
          <reporter-output>
          </reporter-output>
        </test-method> <!-- testcase -->
        <test-method is-config="true" signature="aftermethod()[pri:0, instance:seleniumBasics.TestNGAnnotation@206a70ef]" started-at="2025-06-03T09:10:17 IST" name="aftermethod" finished-at="2025-06-03T09:10:17 IST" duration-ms="2" status="PASS">
          <reporter-output>
          </reporter-output>
        </test-method> <!-- aftermethod -->
        <test-method is-config="true" signature="afterclass()[pri:0, instance:seleniumBasics.TestNGAnnotation@206a70ef]" started-at="2025-06-03T09:10:17 IST" name="afterclass" finished-at="2025-06-03T09:10:17 IST" duration-ms="3" status="PASS">
          <reporter-output>
          </reporter-output>
        </test-method> <!-- afterclass -->
        <test-method is-config="true" signature="aftertest()[pri:0, instance:seleniumBasics.TestNGAnnotation@206a70ef]" started-at="2025-06-03T09:10:17 IST" name="aftertest" finished-at="2025-06-03T09:10:17 IST" duration-ms="1" status="PASS">
          <reporter-output>
          </reporter-output>
        </test-method> <!-- aftertest -->
        <test-method is-config="true" signature="aftersuite()[pri:0, instance:seleniumBasics.TestNGAnnotation@206a70ef]" started-at="2025-06-03T09:10:17 IST" name="aftersuite" finished-at="2025-06-03T09:10:17 IST" duration-ms="1" status="PASS">
          <reporter-output>
          </reporter-output>
        </test-method> <!-- aftersuite -->
      </class> <!-- seleniumBasics.TestNGAnnotation -->
    </test> <!-- Default test -->
  </suite> <!-- Default suite -->
</testng-results>
