<?xml version="1.0" encoding="UTF-8"?>
<!-- Generated by org.testng.reporters.JUnitXMLReporter -->
<testsuite ignored="0" hostname="DESKTOP-623ERR5" failures="0" tests="2" name="Test1" time="21.878" errors="0" timestamp="2025-06-17T23:51:19 IST">
  <testcase classname="testscript.ManageCategoryTest" name="verifyWhetherTheUserCanEnterTheNewCategoryDetails" time="6.329"/>
  <testcase classname="testscript.ManageCategoryTest" name="verifywhetherUsercanSearchTheCategoryDetails" time="3.255"/>
</testsuite> <!-- Test1 -->
