<?xml version="1.0" encoding="UTF-8"?>
<!-- Generated by org.testng.reporters.JUnitXMLReporter -->
<testsuite ignored="3" hostname="DESKTOP-623ERR5" failures="0" tests="1" name="Test1" time="23.483" errors="0" timestamp="2025-06-16T20:33:17 IST">
  <testcase classname="testscript.LoginTest" name="verifyUserLoginWithValidUsernameandInValidPassword" time="2.871"/>
  <testcase classname="testscript.LoginTest" name="verifyUserLoginwithValidCredentials" time="0.0">
    <ignored/>
  </testcase> <!-- verifyUserLoginwithValidCredentials -->
  <testcase classname="testscript.LoginTest" name="verifyUserLoginWithInValidCredentials" time="0.0">
    <ignored/>
  </testcase> <!-- verifyUserLoginWithInValidCredentials -->
  <testcase classname="testscript.LoginTest" name="verifyUserLoginWithInValidUsernameandvalidpassword" time="0.0">
    <ignored/>
  </testcase> <!-- verifyUserLoginWithInValidUsernameandvalidpassword -->
</testsuite> <!-- Test1 -->
