<?xml version="1.0" encoding="UTF-8"?>
<!-- Generated by org.testng.reporters.JUnitXMLReporter -->
<testsuite ignored="0" hostname="DESKTOP-623ERR5" failures="0" tests="4" name="Test" time="53.881" errors="0" timestamp="2025-06-14T23:12:20 IST">
  <testcase classname="testscript.LoginTest" name="verifyUserLoginwithValidCredentials" time="4.453"/>
  <testcase classname="testscript.LoginTest" name="verifyUserLoginwith_InValidUsernameandvalidpassword" time="1.667"/>
  <testcase classname="testscript.LoginTest" name="verifyUserLoginwith_ValidUsernameandInValidPassword" time="2.484"/>
  <testcase classname="testscript.LoginTest" name="verifyUserLoginwith_InValidCredentials" time="1.983"/>
</testsuite> <!-- Test -->
