<?xml version="1.0" encoding="UTF-8"?>
<!-- Generated by org.testng.reporters.JUnitXMLReporter -->
<testsuite ignored="1" hostname="DESKTOP-623ERR5" failures="0" tests="1" name="Default test" time="94.295" errors="0" timestamp="2025-06-06T11:05:18 IST">
  <testcase classname="testscript.ManageCategoryTest" name="verifyWhetherTheUserCanEnterTheNewCategoryDetails" time="28.521"/>
  <testcase classname="testscript.ManageCategoryTest" name="verifywhetherUsercanSearchTheCategoryDetails" time="0.0">
    <ignored/>
  </testcase> <!-- verifywhetherUsercanSearchTheCategoryDetails -->
</testsuite> <!-- Default test -->
