<?xml version="1.0" encoding="UTF-8"?>
<!-- Generated by org.testng.reporters.JUnitXMLReporter -->
<testsuite ignored="1" hostname="DESKTOP-623ERR5" failures="0" tests="1" name="Default test" time="16.98" errors="0" timestamp="2025-06-06T11:30:10 IST">
  <testcase classname="testscript.ManageCategoryTest" name="verifyWhetherTheUserCanEnterTheNewCategoryDetails" time="6.602"/>
  <testcase classname="testscript.ManageCategoryTest" name="verifywhetherUsercanSearchTheCategoryDetails" time="0.0">
    <ignored/>
  </testcase> <!-- verifywhetherUsercanSearchTheCategoryDetails -->
</testsuite> <!-- Default test -->
