<?xml version="1.0" encoding="UTF-8"?>
<!-- Generated by org.testng.reporters.JUnitXMLReporter -->
<testsuite ignored="2" hostname="DESKTOP-623ERR5" failures="0" tests="2" name="Test" time="26.43" errors="0" timestamp="2025-06-16T17:54:21 IST">
  <testcase classname="testscript.LoginTest" name="verifyUserLoginwithValidCredentials" time="4.348"/>
  <testcase classname="testscript.LoginTest" name="verifyUserLoginWithInValidCredentials" time="1.949"/>
  <testcase classname="testscript.LoginTest" name="verifyUserLoginWithValidUsernameandInValidPassword" time="0.0">
    <ignored/>
  </testcase> <!-- verifyUserLoginWithValidUsernameandInValidPassword -->
  <testcase classname="testscript.LoginTest" name="verifyUserLoginWithInValidUsernameandvalidpassword" time="0.0">
    <ignored/>
  </testcase> <!-- verifyUserLoginWithInValidUsernameandvalidpassword -->
</testsuite> <!-- Test -->
