<?xml version="1.0" encoding="UTF-8"?>
<!-- Generated by org.testng.reporters.JUnitXMLReporter -->
<testsuite ignored="1" hostname="DESKTOP-623ERR5" failures="0" tests="1" name="Test1" time="18.759" errors="0" timestamp="2025-06-17T23:49:24 IST">
  <testcase classname="testscript.ManageCategoryTest" name="verifywhetherUsercanSearchTheCategoryDetails" time="8.259"/>
  <testcase classname="testscript.ManageCategoryTest" name="verifyWhetherTheUserCanEnterTheNewCategoryDetails" time="0.0">
    <ignored/>
  </testcase> <!-- verifyWhetherTheUserCanEnterTheNewCategoryDetails -->
</testsuite> <!-- Test1 -->
