<?xml version="1.0" encoding="UTF-8"?>
<testng-results ignored="0" total="13" passed="13" failed="0" skipped="0">
  <reporter-output>
  </reporter-output>
  <suite started-at="2025-06-19T13:49:09 IST" name="Suite" finished-at="2025-06-19T13:51:04 IST" duration-ms="114098">
    <groups>
      <group name="smoke">
        <method signature="LoginTest.verifyUserLoginwithValidCredentials()[pri:1, instance:testscript.LoginTest@36fc695d]" name="verifyUserLoginwithValidCredentials" class="testscript.LoginTest"/>
        <method signature="LoginTest.verifyUserLoginWithInValidCredentials(java.lang.String,java.lang.String)[pri:4, instance:testscript.LoginTest@36fc695d]" name="verifyUserLoginWithInValidCredentials" class="testscript.LoginTest"/>
      </group> <!-- smoke -->
    </groups>
    <test started-at="2025-06-19T13:49:09 IST" name="Test" finished-at="2025-06-19T13:51:04 IST" duration-ms="114098">
      <class name="testscript.ManageNewsTest">
        <test-method is-config="true" signature="initializeBrower(java.lang.String)[pri:0, instance:testscript.ManageNewsTest@682b2fa]" started-at="2025-06-19T13:50:45 IST" name="initializeBrower" finished-at="2025-06-19T13:50:49 IST" duration-ms="3867" status="PASS">
          <params>
            <param index="0">
              <value>
                <![CDATA[Chrome]]>
              </value>
            </param>
          </params>
          <reporter-output>
          </reporter-output>
        </test-method> <!-- initializeBrower -->
        <test-method signature="verifyWhethertheUsercanaddNewNews()[pri:0, instance:testscript.ManageNewsTest@682b2fa]" started-at="2025-06-19T13:50:49 IST" name="verifyWhethertheUsercanaddNewNews" description="Verify wheather user is able to add new news in Managenews tile" finished-at="2025-06-19T13:50:54 IST" duration-ms="4565" status="PASS">
          <reporter-output>
          </reporter-output>
        </test-method> <!-- verifyWhethertheUsercanaddNewNews -->
        <test-method is-config="true" signature="driverQuit(org.testng.ITestResult)[pri:0, instance:testscript.ManageNewsTest@682b2fa]" started-at="2025-06-19T13:50:54 IST" name="driverQuit" finished-at="2025-06-19T13:50:54 IST" duration-ms="489" status="PASS">
          <params>
            <param index="0">
              <value>
                <![CDATA[[TestResult name=verifyWhethertheUsercanaddNewNews status=SUCCESS method=ManageNewsTest.verifyWhethertheUsercanaddNewNews()[pri:0, instance:testscript.ManageNewsTest@682b2fa] output={null}]]]>
              </value>
            </param>
          </params>
          <reporter-output>
          </reporter-output>
        </test-method> <!-- driverQuit -->
        <test-method is-config="true" signature="initializeBrower(java.lang.String)[pri:0, instance:testscript.ManageNewsTest@682b2fa]" started-at="2025-06-19T13:50:54 IST" name="initializeBrower" finished-at="2025-06-19T13:50:59 IST" duration-ms="4928" status="PASS">
          <params>
            <param index="0">
              <value>
                <![CDATA[Chrome]]>
              </value>
            </param>
          </params>
          <reporter-output>
          </reporter-output>
        </test-method> <!-- initializeBrower -->
        <test-method signature="verifywhetherUserCanSearchNews()[pri:0, instance:testscript.ManageNewsTest@682b2fa]" started-at="2025-06-19T13:50:59 IST" name="verifywhetherUserCanSearchNews" description="Verify wheather user is able to search news and reset in Managenews tile" finished-at="2025-06-19T13:51:03 IST" duration-ms="3957" status="PASS">
          <reporter-output>
          </reporter-output>
        </test-method> <!-- verifywhetherUserCanSearchNews -->
        <test-method is-config="true" signature="driverQuit(org.testng.ITestResult)[pri:0, instance:testscript.ManageNewsTest@682b2fa]" started-at="2025-06-19T13:51:03 IST" name="driverQuit" finished-at="2025-06-19T13:51:04 IST" duration-ms="547" status="PASS">
          <params>
            <param index="0">
              <value>
                <![CDATA[[TestResult name=verifywhetherUserCanSearchNews status=SUCCESS method=ManageNewsTest.verifywhetherUserCanSearchNews()[pri:0, instance:testscript.ManageNewsTest@682b2fa] output={null}]]]>
              </value>
            </param>
          </params>
          <reporter-output>
          </reporter-output>
        </test-method> <!-- driverQuit -->
      </class> <!-- testscript.ManageNewsTest -->
      <class name="testscript.HomeTest">
        <test-method is-config="true" signature="initializeBrower(java.lang.String)[pri:0, instance:testscript.HomeTest@6989da5e]" started-at="2025-06-19T13:49:58 IST" name="initializeBrower" finished-at="2025-06-19T13:50:03 IST" duration-ms="4501" status="PASS">
          <params>
            <param index="0">
              <value>
                <![CDATA[Chrome]]>
              </value>
            </param>
          </params>
          <reporter-output>
          </reporter-output>
        </test-method> <!-- initializeBrower -->
        <test-method signature="verifywhetheruserisabletologoutsucessfully()[pri:0, instance:testscript.HomeTest@6989da5e]" started-at="2025-06-19T13:50:03 IST" name="verifywhetheruserisabletologoutsucessfully" description="Verify wheather user is able to logout sucessfully" finished-at="2025-06-19T13:50:06 IST" duration-ms="3120" status="PASS">
          <reporter-output>
          </reporter-output>
        </test-method> <!-- verifywhetheruserisabletologoutsucessfully -->
        <test-method is-config="true" signature="driverQuit(org.testng.ITestResult)[pri:0, instance:testscript.HomeTest@6989da5e]" started-at="2025-06-19T13:50:06 IST" name="driverQuit" finished-at="2025-06-19T13:50:06 IST" duration-ms="545" status="PASS">
          <params>
            <param index="0">
              <value>
                <![CDATA[[TestResult name=verifywhetheruserisabletologoutsucessfully status=SUCCESS method=HomeTest.verifywhetheruserisabletologoutsucessfully()[pri:0, instance:testscript.HomeTest@6989da5e] output={null}]]]>
              </value>
            </param>
          </params>
          <reporter-output>
          </reporter-output>
        </test-method> <!-- driverQuit -->
      </class> <!-- testscript.HomeTest -->
      <class name="testscript.AdminUserTest">
        <test-method is-config="true" signature="initializeBrower(java.lang.String)[pri:0, instance:testscript.AdminUserTest@385c9627]" started-at="2025-06-19T13:50:06 IST" name="initializeBrower" finished-at="2025-06-19T13:50:11 IST" duration-ms="4315" status="PASS">
          <params>
            <param index="0">
              <value>
                <![CDATA[Chrome]]>
              </value>
            </param>
          </params>
          <reporter-output>
          </reporter-output>
        </test-method> <!-- initializeBrower -->
        <test-method signature="verifyWhetherUserIsAbleToAddNewAdminUserOnAdminUserTile()[pri:0, instance:testscript.AdminUserTest@385c9627]" started-at="2025-06-19T13:50:11 IST" name="verifyWhetherUserIsAbleToAddNewAdminUserOnAdminUserTile" description="Verify wheather user is able to add new adminuser in adminuser tile" finished-at="2025-06-19T13:50:16 IST" duration-ms="5706" status="PASS">
          <reporter-output>
          </reporter-output>
        </test-method> <!-- verifyWhetherUserIsAbleToAddNewAdminUserOnAdminUserTile -->
        <test-method is-config="true" signature="driverQuit(org.testng.ITestResult)[pri:0, instance:testscript.AdminUserTest@385c9627]" started-at="2025-06-19T13:50:16 IST" name="driverQuit" finished-at="2025-06-19T13:50:17 IST" duration-ms="683" status="PASS">
          <params>
            <param index="0">
              <value>
                <![CDATA[[TestResult name=verifyWhetherUserIsAbleToAddNewAdminUserOnAdminUserTile status=SUCCESS method=AdminUserTest.verifyWhetherUserIsAbleToAddNewAdminUserOnAdminUserTile()[pri:0, instance:testscript.AdminUserTest@385c9627] output={null}]]]>
              </value>
            </param>
          </params>
          <reporter-output>
          </reporter-output>
        </test-method> <!-- driverQuit -->
        <test-method is-config="true" signature="initializeBrower(java.lang.String)[pri:0, instance:testscript.AdminUserTest@385c9627]" started-at="2025-06-19T13:50:17 IST" name="initializeBrower" finished-at="2025-06-19T13:50:22 IST" duration-ms="4852" status="PASS">
          <params>
            <param index="0">
              <value>
                <![CDATA[Chrome]]>
              </value>
            </param>
          </params>
          <reporter-output>
          </reporter-output>
        </test-method> <!-- initializeBrower -->
        <test-method signature="verifywhetheruserisabletosearchadminusersfromadminusertileusingusername()[pri:0, instance:testscript.AdminUserTest@385c9627]" started-at="2025-06-19T13:50:22 IST" name="verifywhetheruserisabletosearchadminusersfromadminusertileusingusername" description="Verify wheather user is able to serach adminuser using username and userType " finished-at="2025-06-19T13:50:26 IST" duration-ms="4080" status="PASS">
          <reporter-output>
          </reporter-output>
        </test-method> <!-- verifywhetheruserisabletosearchadminusersfromadminusertileusingusername -->
        <test-method is-config="true" signature="driverQuit(org.testng.ITestResult)[pri:0, instance:testscript.AdminUserTest@385c9627]" started-at="2025-06-19T13:50:26 IST" name="driverQuit" finished-at="2025-06-19T13:50:26 IST" duration-ms="474" status="PASS">
          <params>
            <param index="0">
              <value>
                <![CDATA[[TestResult name=verifywhetheruserisabletosearchadminusersfromadminusertileusingusername status=SUCCESS method=AdminUserTest.verifywhetheruserisabletosearchadminusersfromadminusertileusingusername()[pri:0, instance:testscript.AdminUserTest@385c9627] output={null}]]]>
              </value>
            </param>
          </params>
          <reporter-output>
          </reporter-output>
        </test-method> <!-- driverQuit -->
      </class> <!-- testscript.AdminUserTest -->
      <class name="testscript.LoginTest">
        <test-method is-config="true" signature="initializeBrower(java.lang.String)[pri:0, instance:testscript.LoginTest@36fc695d]" started-at="2025-06-19T13:49:10 IST" name="initializeBrower" finished-at="2025-06-19T13:49:21 IST" duration-ms="11375" status="PASS">
          <params>
            <param index="0">
              <value>
                <![CDATA[Chrome]]>
              </value>
            </param>
          </params>
          <reporter-output>
          </reporter-output>
        </test-method> <!-- initializeBrower -->
        <test-method signature="verifyUserLoginwithValidCredentials()[pri:1, instance:testscript.LoginTest@36fc695d]" started-at="2025-06-19T13:49:21 IST" name="verifyUserLoginwithValidCredentials" description="Verify wheather  user can login with valid credentials" finished-at="2025-06-19T13:49:26 IST" duration-ms="4840" status="PASS">
          <reporter-output>
          </reporter-output>
        </test-method> <!-- verifyUserLoginwithValidCredentials -->
        <test-method is-config="true" signature="driverQuit(org.testng.ITestResult)[pri:0, instance:testscript.LoginTest@36fc695d]" started-at="2025-06-19T13:49:26 IST" name="driverQuit" finished-at="2025-06-19T13:49:27 IST" duration-ms="912" status="PASS">
          <params>
            <param index="0">
              <value>
                <![CDATA[[TestResult name=verifyUserLoginwithValidCredentials status=SUCCESS method=LoginTest.verifyUserLoginwithValidCredentials()[pri:1, instance:testscript.LoginTest@36fc695d] output={null}]]]>
              </value>
            </param>
          </params>
          <reporter-output>
          </reporter-output>
        </test-method> <!-- driverQuit -->
        <test-method is-config="true" signature="initializeBrower(java.lang.String)[pri:0, instance:testscript.LoginTest@36fc695d]" started-at="2025-06-19T13:49:27 IST" name="initializeBrower" finished-at="2025-06-19T13:49:32 IST" duration-ms="4771" status="PASS">
          <params>
            <param index="0">
              <value>
                <![CDATA[Chrome]]>
              </value>
            </param>
          </params>
          <reporter-output>
          </reporter-output>
        </test-method> <!-- initializeBrower -->
        <test-method signature="verifyUserLoginWithInValidUsernameandvalidpassword()[pri:2, instance:testscript.LoginTest@36fc695d]" started-at="2025-06-19T13:49:32 IST" name="verifyUserLoginWithInValidUsernameandvalidpassword" description="Verify wheather user can login with invalid username and valid password" finished-at="2025-06-19T13:49:34 IST" duration-ms="2063" status="PASS">
          <reporter-output>
          </reporter-output>
        </test-method> <!-- verifyUserLoginWithInValidUsernameandvalidpassword -->
        <test-method is-config="true" signature="driverQuit(org.testng.ITestResult)[pri:0, instance:testscript.LoginTest@36fc695d]" started-at="2025-06-19T13:49:34 IST" name="driverQuit" finished-at="2025-06-19T13:49:34 IST" duration-ms="634" status="PASS">
          <params>
            <param index="0">
              <value>
                <![CDATA[[TestResult name=verifyUserLoginWithInValidUsernameandvalidpassword status=SUCCESS method=LoginTest.verifyUserLoginWithInValidUsernameandvalidpassword()[pri:2, instance:testscript.LoginTest@36fc695d] output={null}]]]>
              </value>
            </param>
          </params>
          <reporter-output>
          </reporter-output>
        </test-method> <!-- driverQuit -->
        <test-method is-config="true" signature="initializeBrower(java.lang.String)[pri:0, instance:testscript.LoginTest@36fc695d]" started-at="2025-06-19T13:49:34 IST" name="initializeBrower" finished-at="2025-06-19T13:49:39 IST" duration-ms="4527" status="PASS">
          <params>
            <param index="0">
              <value>
                <![CDATA[Chrome]]>
              </value>
            </param>
          </params>
          <reporter-output>
          </reporter-output>
        </test-method> <!-- initializeBrower -->
        <test-method signature="verifyUserLoginWithValidUsernameandInValidPassword()[pri:3, instance:testscript.LoginTest@36fc695d]" started-at="2025-06-19T13:49:39 IST" name="verifyUserLoginWithValidUsernameandInValidPassword" description="Verify wheather usercan login with valid username and invalid password" finished-at="2025-06-19T13:49:40 IST" duration-ms="1708" status="PASS">
          <reporter-output>
          </reporter-output>
        </test-method> <!-- verifyUserLoginWithValidUsernameandInValidPassword -->
        <test-method is-config="true" signature="driverQuit(org.testng.ITestResult)[pri:0, instance:testscript.LoginTest@36fc695d]" started-at="2025-06-19T13:49:40 IST" name="driverQuit" finished-at="2025-06-19T13:49:41 IST" duration-ms="427" status="PASS">
          <params>
            <param index="0">
              <value>
                <![CDATA[[TestResult name=verifyUserLoginWithValidUsernameandInValidPassword status=SUCCESS method=LoginTest.verifyUserLoginWithValidUsernameandInValidPassword()[pri:3, instance:testscript.LoginTest@36fc695d] output={null}]]]>
              </value>
            </param>
          </params>
          <reporter-output>
          </reporter-output>
        </test-method> <!-- driverQuit -->
        <test-method is-config="true" signature="initializeBrower(java.lang.String)[pri:0, instance:testscript.LoginTest@36fc695d]" started-at="2025-06-19T13:49:41 IST" name="initializeBrower" finished-at="2025-06-19T13:49:45 IST" duration-ms="3446" status="PASS">
          <params>
            <param index="0">
              <value>
                <![CDATA[Chrome]]>
              </value>
            </param>
          </params>
          <reporter-output>
          </reporter-output>
        </test-method> <!-- initializeBrower -->
        <test-method signature="verifyUserLoginWithInValidCredentials(java.lang.String,java.lang.String)[pri:4, instance:testscript.LoginTest@36fc695d]" started-at="2025-06-19T13:49:45 IST" name="verifyUserLoginWithInValidCredentials" description="Verify wheather user can login with invalid credentials" data-provider="logindata" finished-at="2025-06-19T13:49:46 IST" duration-ms="1457" status="PASS">
          <params>
            <param index="0">
              <value>
                <![CDATA[test]]>
              </value>
            </param>
            <param index="1">
              <value>
                <![CDATA[test1]]>
              </value>
            </param>
          </params>
          <reporter-output>
          </reporter-output>
        </test-method> <!-- verifyUserLoginWithInValidCredentials -->
        <test-method is-config="true" signature="driverQuit(org.testng.ITestResult)[pri:0, instance:testscript.LoginTest@36fc695d]" started-at="2025-06-19T13:49:46 IST" name="driverQuit" finished-at="2025-06-19T13:49:47 IST" duration-ms="751" status="PASS">
          <params>
            <param index="0">
              <value>
                <![CDATA[[TestResult name=verifyUserLoginWithInValidCredentials status=SUCCESS method=LoginTest.verifyUserLoginWithInValidCredentials(java.lang.String,java.lang.String)[pri:4, instance:testscript.LoginTest@36fc695d] output={null}]]]>
              </value>
            </param>
          </params>
          <reporter-output>
          </reporter-output>
        </test-method> <!-- driverQuit -->
        <test-method is-config="true" signature="initializeBrower(java.lang.String)[pri:0, instance:testscript.LoginTest@36fc695d]" started-at="2025-06-19T13:49:47 IST" name="initializeBrower" finished-at="2025-06-19T13:49:50 IST" duration-ms="3668" status="PASS">
          <params>
            <param index="0">
              <value>
                <![CDATA[Chrome]]>
              </value>
            </param>
          </params>
          <reporter-output>
          </reporter-output>
        </test-method> <!-- initializeBrower -->
        <test-method signature="verifyUserLoginWithInValidCredentials(java.lang.String,java.lang.String)[pri:4, instance:testscript.LoginTest@36fc695d]" started-at="2025-06-19T13:49:50 IST" name="verifyUserLoginWithInValidCredentials" description="Verify wheather user can login with invalid credentials" data-provider="logindata" finished-at="2025-06-19T13:49:52 IST" duration-ms="1377" status="PASS">
          <params>
            <param index="0">
              <value>
                <![CDATA[test1]]>
              </value>
            </param>
            <param index="1">
              <value>
                <![CDATA[test2]]>
              </value>
            </param>
          </params>
          <reporter-output>
          </reporter-output>
        </test-method> <!-- verifyUserLoginWithInValidCredentials -->
        <test-method is-config="true" signature="driverQuit(org.testng.ITestResult)[pri:0, instance:testscript.LoginTest@36fc695d]" started-at="2025-06-19T13:49:52 IST" name="driverQuit" finished-at="2025-06-19T13:49:52 IST" duration-ms="501" status="PASS">
          <params>
            <param index="0">
              <value>
                <![CDATA[[TestResult name=verifyUserLoginWithInValidCredentials status=SUCCESS method=LoginTest.verifyUserLoginWithInValidCredentials(java.lang.String,java.lang.String)[pri:4, instance:testscript.LoginTest@36fc695d] output={null}]]]>
              </value>
            </param>
          </params>
          <reporter-output>
          </reporter-output>
        </test-method> <!-- driverQuit -->
        <test-method is-config="true" signature="initializeBrower(java.lang.String)[pri:0, instance:testscript.LoginTest@36fc695d]" started-at="2025-06-19T13:49:52 IST" name="initializeBrower" finished-at="2025-06-19T13:49:56 IST" duration-ms="3813" status="PASS">
          <params>
            <param index="0">
              <value>
                <![CDATA[Chrome]]>
              </value>
            </param>
          </params>
          <reporter-output>
          </reporter-output>
        </test-method> <!-- initializeBrower -->
        <test-method signature="verifyUserLoginWithInValidCredentials(java.lang.String,java.lang.String)[pri:4, instance:testscript.LoginTest@36fc695d]" started-at="2025-06-19T13:49:56 IST" name="verifyUserLoginWithInValidCredentials" description="Verify wheather user can login with invalid credentials" data-provider="logindata" finished-at="2025-06-19T13:49:58 IST" duration-ms="1425" status="PASS">
          <params>
            <param index="0">
              <value>
                <![CDATA[admin]]>
              </value>
            </param>
            <param index="1">
              <value>
                <![CDATA[Admin]]>
              </value>
            </param>
          </params>
          <reporter-output>
          </reporter-output>
        </test-method> <!-- verifyUserLoginWithInValidCredentials -->
        <test-method is-config="true" signature="driverQuit(org.testng.ITestResult)[pri:0, instance:testscript.LoginTest@36fc695d]" started-at="2025-06-19T13:49:58 IST" name="driverQuit" finished-at="2025-06-19T13:49:58 IST" duration-ms="561" status="PASS">
          <params>
            <param index="0">
              <value>
                <![CDATA[[TestResult name=verifyUserLoginWithInValidCredentials status=SUCCESS method=LoginTest.verifyUserLoginWithInValidCredentials(java.lang.String,java.lang.String)[pri:4, instance:testscript.LoginTest@36fc695d] output={null}]]]>
              </value>
            </param>
          </params>
          <reporter-output>
          </reporter-output>
        </test-method> <!-- driverQuit -->
      </class> <!-- testscript.LoginTest -->
      <class name="testscript.ManageCategoryTest">
        <test-method is-config="true" signature="initializeBrower(java.lang.String)[pri:0, instance:testscript.ManageCategoryTest@139982de]" started-at="2025-06-19T13:50:26 IST" name="initializeBrower" finished-at="2025-06-19T13:50:30 IST" duration-ms="3877" status="PASS">
          <params>
            <param index="0">
              <value>
                <![CDATA[Chrome]]>
              </value>
            </param>
          </params>
          <reporter-output>
          </reporter-output>
        </test-method> <!-- initializeBrower -->
        <test-method signature="verifyWhetherTheUserCanEnterTheNewCategoryDetails()[pri:0, instance:testscript.ManageCategoryTest@139982de]" started-at="2025-06-19T13:50:30 IST" name="verifyWhetherTheUserCanEnterTheNewCategoryDetails" description="Verify wheather the user is able to add new categeory details in Managecategory tile" finished-at="2025-06-19T13:50:36 IST" duration-ms="5400" status="PASS">
          <reporter-output>
          </reporter-output>
        </test-method> <!-- verifyWhetherTheUserCanEnterTheNewCategoryDetails -->
        <test-method is-config="true" signature="driverQuit(org.testng.ITestResult)[pri:0, instance:testscript.ManageCategoryTest@139982de]" started-at="2025-06-19T13:50:36 IST" name="driverQuit" finished-at="2025-06-19T13:50:36 IST" duration-ms="504" status="PASS">
          <params>
            <param index="0">
              <value>
                <![CDATA[[TestResult name=verifyWhetherTheUserCanEnterTheNewCategoryDetails status=SUCCESS method=ManageCategoryTest.verifyWhetherTheUserCanEnterTheNewCategoryDetails()[pri:0, instance:testscript.ManageCategoryTest@139982de] output={null}]]]>
              </value>
            </param>
          </params>
          <reporter-output>
          </reporter-output>
        </test-method> <!-- driverQuit -->
        <test-method is-config="true" signature="initializeBrower(java.lang.String)[pri:0, instance:testscript.ManageCategoryTest@139982de]" started-at="2025-06-19T13:50:36 IST" name="initializeBrower" finished-at="2025-06-19T13:50:41 IST" duration-ms="4824" status="PASS">
          <params>
            <param index="0">
              <value>
                <![CDATA[Chrome]]>
              </value>
            </param>
          </params>
          <reporter-output>
          </reporter-output>
        </test-method> <!-- initializeBrower -->
        <test-method signature="verifywhetherUsercanSearchTheCategoryDetails()[pri:0, instance:testscript.ManageCategoryTest@139982de]" started-at="2025-06-19T13:50:41 IST" name="verifywhetherUsercanSearchTheCategoryDetails" description="Verify wheather user is able to search  categeory details  Managecategory tile" finished-at="2025-06-19T13:50:45 IST" duration-ms="3673" status="PASS">
          <reporter-output>
          </reporter-output>
        </test-method> <!-- verifywhetherUsercanSearchTheCategoryDetails -->
        <test-method is-config="true" signature="driverQuit(org.testng.ITestResult)[pri:0, instance:testscript.ManageCategoryTest@139982de]" started-at="2025-06-19T13:50:45 IST" name="driverQuit" finished-at="2025-06-19T13:50:45 IST" duration-ms="442" status="PASS">
          <params>
            <param index="0">
              <value>
                <![CDATA[[TestResult name=verifywhetherUsercanSearchTheCategoryDetails status=SUCCESS method=ManageCategoryTest.verifywhetherUsercanSearchTheCategoryDetails()[pri:0, instance:testscript.ManageCategoryTest@139982de] output={null}]]]>
              </value>
            </param>
          </params>
          <reporter-output>
          </reporter-output>
        </test-method> <!-- driverQuit -->
      </class> <!-- testscript.ManageCategoryTest -->
    </test> <!-- Test -->
  </suite> <!-- Suite -->
</testng-results>
